Converting images
Generating generated/fonts/UnicodeListverdana_10_4.txt
Generating generated/fonts/UnicodeListverdana_20_4.txt
Generating generated/fonts/UnicodeListverdana_40_4.txt
Generating generated/fonts/src/ApplicationFontProvider.cpp
Generating generated/fonts/include/fonts/ApplicationFontProvider.hpp
Generating generated/texts/include/texts/TextKeysAndLanguages.hpp
Generating generated/texts/src/Texts.cpp
Generating generated/texts/src/LanguageGb.cpp
Generating generated/texts/include/texts/TypedTextDatabase.hpp
Generating generated/texts/src/TypedTextDatabase.cpp
Processing font: C:/Users/chena/Desktop/projet_TB/SW4STM32_STM32F429i_DISCO/TouchGFX/assets/fonts/verdana.ttf
  Font loaded
  Number of glyphs: 951
  Family name: Verdana
  Style name: Regular
Reading character list file: generated/fonts/UnicodeListverdana_20_4.txt
WARNING - Char 0xB is used but does not exist in the font!
WARNING - A total of 20 unicode characters did not exist in the font!
Appending C:/Users/chena/Desktop/projet_TB/SW4STM32_STM32F429i_DISCO/TouchGFX/generated/fonts/src/FontGetters.cpp
Generating: C:/Users/chena/Desktop/projet_TB/SW4STM32_STM32F429i_DISCO/TouchGFX/generated/fonts/CharSizes_verdana_20_4bpp.csv
Generating: C:/Users/chena/Desktop/projet_TB/SW4STM32_STM32F429i_DISCO/TouchGFX/generated/fonts/src/Table_verdana_20_4bpp.cpp
Generating: C:/Users/chena/Desktop/projet_TB/SW4STM32_STM32F429i_DISCO/TouchGFX/generated/fonts/src/Font_verdana_20_4bpp.cpp
Remapped 4 strings (22 bytes saved)
