Converting images
Compiling gui/src/main_screen/MainPresenter.cpp
Compiling gui/src/main_screen/MainView.cpp
Compiling gui/src/menu_screen/MenuPresenter.cpp
Compiling gui/src/menu_screen/MenuView.cpp
Compiling generated/gui_generated/src/main_screen/MainViewBase.cpp
Compiling gui/src/common/FrontendApplication.cpp
Compiling gui/src/model/Model.cpp
Compiling generated/gui_generated/src/common/FrontendApplicationBase.cpp
Compiling generated/gui_generated/src/menu_screen/MenuViewBase.cpp
Compiling generated/fonts/src/Kerning_verdana_10_4bpp.cpp
In file included from generated/gui_generated/include/gui_generated/common/FrontendApplicationBase.hpp:8:0,
                 from gui/include/gui/common/FrontendApplication.hpp:4,
                 from generated/gui_generated/include/gui_generated/main_screen/MainViewBase.hpp:7,
                 from gui/include/gui/main_screen/MainView.hpp:4,
                 from gui/src/main_screen/MainView.cpp:1:
gui/include/gui/model/Model.hpp:4:20: fatal error: config.h: No such file or directory
 #include "config.h"
                    ^
compilation terminated.
In file included from generated/gui_generated/include/gui_generated/common/FrontendApplicationBase.hpp:8:0,
                 from gui/include/gui/common/FrontendApplication.hpp:4,
                 from generated/gui_generated/include/gui_generated/menu_screen/MenuViewBase.hpp:7,
                 from gui/include/gui/menu_screen/MenuView.hpp:4,
                 from gui/src/menu_screen/MenuView.cpp:1:
gui/include/gui/model/Model.hpp:4:20: fatal error: config.h: No such file or directory
 #include "config.h"
                    ^
compilation terminated.
In file included from generated/gui_generated/include/gui_generated/common/FrontendApplicationBase.hpp:8:0,
                 from gui/include/gui/common/FrontendApplication.hpp:4,
                 from gui/src/common/FrontendApplication.cpp:1:
gui/include/gui/model/Model.hpp:4:20: fatal error: config.h: No such file or directory
 #include "config.h"
                    ^
compilation terminated.
In file included from generated/gui_generated/include/gui_generated/common/FrontendApplicationBase.hpp:8:0,
                 from generated/gui_generated/src/common/FrontendApplicationBase.cpp:5:
gui/include/gui/model/Model.hpp:4:20: fatal error: config.h: No such file or directory
 #include "config.h"
                    ^
compilation terminated.
In file included from generated/gui_generated/include/gui_generated/common/FrontendApplicationBase.hpp:8:0,
                 from gui/include/gui/common/FrontendApplication.hpp:4,
                 from generated/gui_generated/include/gui_generated/main_screen/MainViewBase.hpp:7,
                 from gui/include/gui/main_screen/MainView.hpp:4,
                 from gui/src/main_screen/MainPresenter.cpp:1:
gui/include/gui/model/Model.hpp:4:20: fatal error: config.h: No such file or directory
 #include "config.h"
                    ^
compilation terminated.
simulator/gcc/Makefile:220: recipe for target 'build/MINGW32_NT-6.2/gui/src/main_screen/MainView.o' failed
make[2]: *** [build/MINGW32_NT-6.2/gui/src/main_screen/MainView.o] Error 1
make[2]: *** Waiting for unfinished jobs....
In file included from generated/gui_generated/include/gui_generated/common/FrontendApplicationBase.hpp:8:0,
                 from gui/include/gui/common/FrontendApplication.hpp:4,
                 from generated/gui_generated/include/gui_generated/main_screen/MainViewBase.hpp:7,
                 from generated/gui_generated/src/main_screen/MainViewBase.cpp:4:
gui/include/gui/model/Model.hpp:4:20: fatal error: config.h: No such file or directory
 #include "config.h"
                    ^
compilation terminated.
simulator/gcc/Makefile:220: recipe for target 'build/MINGW32_NT-6.2/gui/src/menu_screen/MenuView.o' failed
make[2]: *** [build/MINGW32_NT-6.2/gui/src/menu_screen/MenuView.o] Error 1
simulator/gcc/Makefile:220: recipe for target 'build/MINGW32_NT-6.2/gui/src/common/FrontendApplication.o' failed
make[2]: *** [build/MINGW32_NT-6.2/gui/src/common/FrontendApplication.o] Error 1
simulator/gcc/Makefile:220: recipe for target 'build/MINGW32_NT-6.2/generated/gui_generated/src/common/FrontendApplicationBase.o' failed
make[2]: *** [build/MINGW32_NT-6.2/generated/gui_generated/src/common/FrontendApplicationBase.o] Error 1
In file included from generated/gui_generated/include/gui_generated/common/FrontendApplicationBase.hpp:8:0,
                 from gui/include/gui/common/FrontendApplication.hpp:4,
                 from generated/gui_generated/include/gui_generated/menu_screen/MenuViewBase.hpp:7,
                 from gui/include/gui/menu_screen/MenuView.hpp:4,
                 from gui/src/menu_screen/MenuPresenter.cpp:1:
gui/include/gui/model/Model.hpp:4:20: fatal error: config.h: No such file or directory
 #include "config.h"
                    ^
compilation terminated.
In file included from gui/src/model/Model.cpp:1:0:
gui/include/gui/model/Model.hpp:4:20: fatal error: config.h: No such file or directory
 #include "config.h"
                    ^
compilation terminated.
simulator/gcc/Makefile:220: recipe for target 'build/MINGW32_NT-6.2/gui/src/main_screen/MainPresenter.o' failed
make[2]: *** [build/MINGW32_NT-6.2/gui/src/main_screen/MainPresenter.o] Error 1
simulator/gcc/Makefile:220: recipe for target 'build/MINGW32_NT-6.2/generated/gui_generated/src/main_screen/MainViewBase.o' failed
make[2]: *** [build/MINGW32_NT-6.2/generated/gui_generated/src/main_screen/MainViewBase.o] Error 1
simulator/gcc/Makefile:220: recipe for target 'build/MINGW32_NT-6.2/gui/src/menu_screen/MenuPresenter.o' failed
make[2]: *** [build/MINGW32_NT-6.2/gui/src/menu_screen/MenuPresenter.o] Error 1
simulator/gcc/Makefile:220: recipe for target 'build/MINGW32_NT-6.2/gui/src/model/Model.o' failed
make[2]: *** [build/MINGW32_NT-6.2/gui/src/model/Model.o] Error 1
In file included from generated/gui_generated/include/gui_generated/common/FrontendApplicationBase.hpp:8:0,
                 from gui/include/gui/common/FrontendApplication.hpp:4,
                 from generated/gui_generated/include/gui_generated/menu_screen/MenuViewBase.hpp:7,
                 from generated/gui_generated/src/menu_screen/MenuViewBase.cpp:4:
gui/include/gui/model/Model.hpp:4:20: fatal error: config.h: No such file or directory
 #include "config.h"
                    ^
compilation terminated.
simulator/gcc/Makefile:220: recipe for target 'build/MINGW32_NT-6.2/generated/gui_generated/src/menu_screen/MenuViewBase.o' failed
make[2]: *** [build/MINGW32_NT-6.2/generated/gui_generated/src/menu_screen/MenuViewBase.o] Error 1
simulator/gcc/Makefile:182: recipe for target 'generate_assets' failed
make[1]: *** [generate_assets] Error 2
simulator/gcc/Makefile:40: recipe for target 'all' failed
make: *** [all] Error 2
